#
# A fatal error has been detected by the Java Runtime Environment:
#
#  EXCEPTION_IN_PAGE_ERROR (0xc0000006) at pc=0x000000000360a52c, pid=61908, tid=0x000000000000f7dc
#
# JRE version: Java(TM) SE Runtime Environment (8.0_181-b13) (build 1.8.0_181-b13)
# Java VM: Java HotSpot(TM) 64-Bit Server VM (25.181-b13 mixed mode windows-amd64 compressed oops)
# Problematic frame:
# J 581 C1 java.io.WinNTFileSystem.resolve(Ljava/lang/String;Ljava/lang/String;)Ljava/lang/String; (231 bytes) @ 0x000000000360a52c [0x000000000360a060+0x4cc]
#
# Failed to write core dump. Minidumps are not enabled by default on client versions of Windows
#
# If you would like to submit a bug report, please visit:
#   http://bugreport.java.com/bugreport/crash.jsp
#

---------------  T H R E A D  ---------------

Current thread (0x000000001dda4000):  JavaThread "File Watcher" daemon [_thread_in_Java, id=63452, stack(0x0000000020690000,0x0000000020790000)]

siginfo: ExceptionCode=0xc0000006, ExceptionInformation=0x0000000000000001 0x00000000deee10c8 0x00000000c0000483 

Registers:
RAX=0x00000000deee0fb8, RBX=0x0000000000000000, RCX=0x0000000020000041, RDX=0x0000000100000208
RSP=0x000000002078e7c0, RBP=0x000000002078ef98, RSI=0x0000000000000021, RDI=0x0000000000000082
R8 =0x0000000000000018, R9 =0x000000000000006a, R10=0x0000000000000018, R11=0x00000000deee0e88
R12=0x0000000000000000, R13=0x0000000000000082, R14=0x0000000000000000, R15=0x000000001dda4000
RIP=0x000000000360a52c, EFLAGS=0x0000000000010206

Top of Stack: (sp=0x000000002078e7c0)
0x000000002078e7c0:   0000000000d400d2 000000002242dc80
0x000000002078e7d0:   000000002078e9a8 00007ff9bf55dfdb
0x000000002078e7e0:   0000000000000000 0000000000a10000
0x000000002078e7f0:   0000000000000012 0000000000000000
0x000000002078e800:   0000000022420100 000000d4000000d4
0x000000002078e810:   0000000000000009 0000000000000069
0x000000002078e820:   0000000000120000 000000002078e9a8
0x000000002078e830:   0000000000000012 0000000000000000
0x000000002078e840:   0000000000000003 0000000000000000
0x000000002078e850:   0000000000000000 0000000000000000
0x000000002078e860:   0000000000000080 00000000deedf640
0x000000002078e870:   0000006900000018 00000000deee0120
0x000000002078e880:   0000000081a00090 00000000bf53922b
0x000000002078e890:   0000000000000040 0000008100000069
0x000000002078e8a0:   00000000deee0e88 00000000deee0d50
0x000000002078e8b0:   00000000deee0fa0 0000000000000082 

Instructions: (pc=0x000000000360a52c)
0x000000000360a50c:   00 00 48 8b ca 48 c1 e9 03 89 48 08 89 58 0c 48
0x000000000360a51c:   83 ee 10 0f 84 11 00 00 00 48 33 db 48 c1 ee 03
0x000000000360a52c:   48 89 5c f0 08 48 ff ce 75 f6 49 8b d3 41 b8 00
0x000000000360a53c:   00 00 00 4c 8b c8 bf 00 00 00 00 49 8b f5 4c 89 


Register to memory mapping:

RAX=0x00000000deee0fb8 is an oop
[C 
 - klass: {type array char}
 - length: 130
RBX=0x0000000000000000 is an unknown value
RCX=0x0000000020000041 is pointing into metadata
RDX=0x0000000100000208 is pointing into metadata
RSP=0x000000002078e7c0 is pointing into the stack for thread: 0x000000001dda4000
RBP=0x000000002078ef98 is pointing into the stack for thread: 0x000000001dda4000
RSI=0x0000000000000021 is an unknown value
RDI=0x0000000000000082 is an unknown value
R8 =0x0000000000000018 is an unknown value
R9 =0x000000000000006a is an unknown value
R10=0x0000000000000018 is an unknown value
R11=0x00000000deee0e88 is an oop
[C 
 - klass: {type array char}
 - length: 130
R12=0x0000000000000000 is an unknown value
R13=0x0000000000000082 is an unknown value
R14=0x0000000000000000 is an unknown value
R15=0x000000001dda4000 is a thread


Stack: [0x0000000020690000,0x0000000020790000],  sp=0x000000002078e7c0,  free space=1017k
Native frames: (J=compiled Java code, j=interpreted, Vv=VM code, C=native code)
C  0x000000000360a52c


---------------  P R O C E S S  ---------------

Java Threads: ( => current thread )
  0x000000001b053000 JavaThread "DestroyJavaVM" [_thread_blocked, id=61108, stack(0x0000000001180000,0x0000000001280000)]
  0x000000001b052800 JavaThread "http-nio-8180-Acceptor-0" daemon [_thread_in_native, id=30640, stack(0x0000000021690000,0x0000000021790000)]
  0x000000001ddab800 JavaThread "http-nio-8180-ClientPoller-1" daemon [_thread_in_native, id=58156, stack(0x0000000021590000,0x0000000021690000)]
  0x000000001ddaa000 JavaThread "http-nio-8180-ClientPoller-0" daemon [_thread_in_native, id=56076, stack(0x0000000021490000,0x0000000021590000)]
  0x000000001ddae800 JavaThread "http-nio-8180-exec-10" daemon [_thread_blocked, id=57704, stack(0x0000000021390000,0x0000000021490000)]
  0x000000001ddac000 JavaThread "http-nio-8180-exec-9" daemon [_thread_blocked, id=64060, stack(0x0000000021290000,0x0000000021390000)]
  0x000000001ddaa800 JavaThread "http-nio-8180-exec-8" daemon [_thread_blocked, id=22840, stack(0x0000000021190000,0x0000000021290000)]
  0x000000001ddad800 JavaThread "http-nio-8180-exec-7" daemon [_thread_blocked, id=61876, stack(0x0000000021090000,0x0000000021190000)]
  0x000000001ddad000 JavaThread "http-nio-8180-exec-6" daemon [_thread_blocked, id=62116, stack(0x0000000020f90000,0x0000000021090000)]
  0x000000001dda2800 JavaThread "http-nio-8180-exec-5" daemon [_thread_blocked, id=38812, stack(0x0000000020e90000,0x0000000020f90000)]
  0x000000001dda9000 JavaThread "http-nio-8180-exec-4" daemon [_thread_blocked, id=46364, stack(0x0000000020d90000,0x0000000020e90000)]
  0x000000001dda1800 JavaThread "http-nio-8180-exec-3" daemon [_thread_blocked, id=3084, stack(0x0000000020c90000,0x0000000020d90000)]
  0x000000001dda8800 JavaThread "http-nio-8180-exec-2" daemon [_thread_blocked, id=60792, stack(0x0000000020b90000,0x0000000020c90000)]
  0x000000001dda6000 JavaThread "http-nio-8180-exec-1" daemon [_thread_blocked, id=62224, stack(0x0000000020a90000,0x0000000020b90000)]
  0x000000001dda1000 JavaThread "NioBlockingSelector.BlockPoller-1" daemon [_thread_in_native, id=58496, stack(0x0000000020990000,0x0000000020a90000)]
=>0x000000001dda4000 JavaThread "File Watcher" daemon [_thread_in_Java, id=63452, stack(0x0000000020690000,0x0000000020790000)]
  0x000000001dda7000 JavaThread "SimplePauseDetectorThread_0" daemon [_thread_blocked, id=63728, stack(0x000000001f590000,0x000000001f690000)]
  0x000000001dda0000 JavaThread "Thread-24" daemon [_thread_blocked, id=40720, stack(0x000000001f490000,0x000000001f590000)]
  0x000000001dd9f800 JavaThread "HikariPool-1 housekeeper" daemon [_thread_blocked, id=62408, stack(0x000000001f090000,0x000000001f190000)]
  0x000000001b143800 JavaThread "container-0" [_thread_blocked, id=56260, stack(0x000000001ed90000,0x000000001ee90000)]
  0x000000001b143000 JavaThread "Catalina-utility-2" [_thread_blocked, id=16596, stack(0x000000001ec90000,0x000000001ed90000)]
  0x000000001b142000 JavaThread "Catalina-utility-1" [_thread_blocked, id=64016, stack(0x000000001eb90000,0x000000001ec90000)]
  0x000000001b141800 JavaThread "mysql-cj-abandoned-connection-cleanup" daemon [_thread_blocked, id=61344, stack(0x000000001dac0000,0x000000001dbc0000)]
  0x0000000019906000 JavaThread "AWT-Windows" daemon [_thread_in_native, id=4168, stack(0x000000001c6c0000,0x000000001c7c0000)]
  0x0000000019855800 JavaThread "Java2D Disposer" daemon [_thread_blocked, id=64292, stack(0x000000001c2c0000,0x000000001c3c0000)]
  0x000000001979b000 JavaThread "RMI Scheduler(0)" daemon [_thread_blocked, id=54916, stack(0x000000001a7f0000,0x000000001a8f0000)]
  0x00000000195ca000 JavaThread "RMI TCP Accept-0" daemon [_thread_in_native, id=61840, stack(0x000000001a1a0000,0x000000001a2a0000)]
  0x0000000019369000 JavaThread "Service Thread" daemon [_thread_blocked, id=44472, stack(0x000000001a0a0000,0x000000001a1a0000)]
  0x00000000192ed000 JavaThread "C1 CompilerThread2" daemon [_thread_blocked, id=64000, stack(0x0000000019fa0000,0x000000001a0a0000)]
  0x00000000192e5800 JavaThread "C2 CompilerThread1" daemon [_thread_blocked, id=57232, stack(0x0000000019ea0000,0x0000000019fa0000)]
  0x00000000192e4800 JavaThread "C2 CompilerThread0" daemon [_thread_blocked, id=51172, stack(0x0000000019da0000,0x0000000019ea0000)]
  0x0000000017501000 JavaThread "JDWP Command Reader" daemon [_thread_in_native, id=60996, stack(0x0000000018d60000,0x0000000018e60000)]
  0x00000000174fd800 JavaThread "JDWP Event Helper Thread" daemon [_thread_blocked, id=32484, stack(0x0000000018c60000,0x0000000018d60000)]
  0x00000000174fc800 JavaThread "JDWP Transport Listener: dt_socket" daemon [_thread_blocked, id=57216, stack(0x0000000018b60000,0x0000000018c60000)]
  0x00000000174e6800 JavaThread "Attach Listener" daemon [_thread_blocked, id=63472, stack(0x0000000018a60000,0x0000000018b60000)]
  0x00000000174e5800 JavaThread "Signal Dispatcher" daemon [_thread_blocked, id=56900, stack(0x0000000018960000,0x0000000018a60000)]
  0x000000000137e000 JavaThread "Finalizer" daemon [_thread_blocked, id=41644, stack(0x0000000018750000,0x0000000018850000)]
  0x00000000174a9000 JavaThread "Reference Handler" daemon [_thread_blocked, id=62144, stack(0x0000000018650000,0x0000000018750000)]

Other Threads:
  0x00000000174a7800 VMThread [stack: 0x0000000018550000,0x0000000018650000] [id=46524]
  0x00000000195d9800 WatcherThread [stack: 0x000000001a3f0000,0x000000001a4f0000] [id=48828]

VM state:not at safepoint (normal execution)

VM Mutex/Monitor currently owned by a thread: None

Heap:
 PSYoungGen      total 326144K, used 165681K [0x00000000d5e00000, 0x00000000ebd00000, 0x0000000100000000)
  eden space 308736K, 48% used [0x00000000d5e00000,0x00000000def30308,0x00000000e8b80000)
  from space 17408K, 97% used [0x00000000eac00000,0x00000000ebc9c3b8,0x00000000ebd00000)
  to   space 20992K, 0% used [0x00000000e9400000,0x00000000e9400000,0x00000000ea880000)
 ParOldGen       total 123904K, used 38703K [0x0000000081a00000, 0x0000000089300000, 0x00000000d5e00000)
  object space 123904K, 31% used [0x0000000081a00000,0x0000000083fcbe40,0x0000000089300000)
 Metaspace       used 67517K, capacity 71314K, committed 71512K, reserved 1110016K
  class space    used 9340K, capacity 9982K, committed 10072K, reserved 1048576K

Card table byte_map: [0x0000000001870000,0x0000000001c70000] byte_map_base: 0x0000000001463000

Marking Bits: (ParMarkBitMap*) 0x000000006ea12d00
 Begin Bits: [0x0000000012810000, 0x00000000147a8000)
 End Bits:   [0x00000000147a8000, 0x0000000016740000)

Polling page: 0x0000000000700000

CodeCache: size=245760Kb used=14159Kb max_used=14159Kb free=231600Kb
 bounds [0x0000000003410000, 0x00000000041f0000, 0x0000000012410000]
 total_blobs=8031 nmethods=7333 adapters=616
 compilation: enabled

Compilation events (10 events):
Event: 1405.468 Thread 0x00000000192ed000 7468   !   1       org.apache.catalina.core.ContainerBase::getRealmInternal (38 bytes)
Event: 1405.468 Thread 0x00000000192ed000 nmethod 7468 0x00000000041e1c90 code [0x00000000041e1e40, 0x00000000041e2158]
Event: 1405.468 Thread 0x00000000192ed000 7469   !   1       org.apache.catalina.core.ContainerBase::getClusterInternal (38 bytes)
Event: 1405.469 Thread 0x00000000192ed000 nmethod 7469 0x00000000041e24d0 code [0x00000000041e2680, 0x00000000041e2998]
Event: 1415.469 Thread 0x00000000192ed000 7471   !   1       org.apache.catalina.core.ContainerBase::backgroundProcess (168 bytes)
Event: 1415.479 Thread 0x00000000192ed000 nmethod 7471 0x00000000041e2d10 code [0x00000000041e2f40, 0x00000000041e37c8]
Event: 1415.479 Thread 0x00000000192ed000 7470   !   1       org.apache.catalina.core.ContainerBase$ContainerBackgroundProcessor::processChildren (191 bytes)
Event: 1415.480 Thread 0x00000000192ed000 nmethod 7470 0x00000000041e3ed0 code [0x00000000041e4160, 0x00000000041e4e48]
Event: 1415.480 Thread 0x00000000192ed000 7472       1       org.apache.catalina.core.StandardWrapper::getServlet (5 bytes)
Event: 1415.480 Thread 0x00000000192ed000 nmethod 7472 0x00000000041e5710 code [0x00000000041e5860, 0x00000000041e5970]

GC Heap History (10 events):
Event: 8.771 GC heap before
{Heap before GC invocations=11 (full 2):
 PSYoungGen      total 187904K, used 11747K [0x00000000d5e00000, 0x00000000e7100000, 0x0000000100000000)
  eden space 176128K, 0% used [0x00000000d5e00000,0x00000000d5e00000,0x00000000e0a00000)
  from space 11776K, 99% used [0x00000000e0a00000,0x00000000e1578e48,0x00000000e1580000)
  to   space 14848K, 0% used [0x00000000e6280000,0x00000000e6280000,0x00000000e7100000)
 ParOldGen       total 53760K, used 15300K [0x0000000081a00000, 0x0000000084e80000, 0x00000000d5e00000)
  object space 53760K, 28% used [0x0000000081a00000,0x00000000828f1038,0x0000000084e80000)
 Metaspace       used 33625K, capacity 35328K, committed 35416K, reserved 1079296K
  class space    used 4533K, capacity 4876K, committed 4952K, reserved 1048576K
Event: 8.892 GC heap after
Heap after GC invocations=11 (full 2):
 PSYoungGen      total 187904K, used 0K [0x00000000d5e00000, 0x00000000e7100000, 0x0000000100000000)
  eden space 176128K, 0% used [0x00000000d5e00000,0x00000000d5e00000,0x00000000e0a00000)
  from space 11776K, 0% used [0x00000000e0a00000,0x00000000e0a00000,0x00000000e1580000)
  to   space 14848K, 0% used [0x00000000e6280000,0x00000000e6280000,0x00000000e7100000)
 ParOldGen       total 83968K, used 19735K [0x0000000081a00000, 0x0000000086c00000, 0x00000000d5e00000)
  object space 83968K, 23% used [0x0000000081a00000,0x0000000082d45c40,0x0000000086c00000)
 Metaspace       used 33625K, capacity 35328K, committed 35416K, reserved 1079296K
  class space    used 4533K, capacity 4876K, committed 4952K, reserved 1048576K
}
Event: 10.866 GC heap before
{Heap before GC invocations=12 (full 2):
 PSYoungGen      total 187904K, used 176128K [0x00000000d5e00000, 0x00000000e7100000, 0x0000000100000000)
  eden space 176128K, 100% used [0x00000000d5e00000,0x00000000e0a00000,0x00000000e0a00000)
  from space 11776K, 0% used [0x00000000e0a00000,0x00000000e0a00000,0x00000000e1580000)
  to   space 14848K, 0% used [0x00000000e6280000,0x00000000e6280000,0x00000000e7100000)
 ParOldGen       total 83968K, used 19735K [0x0000000081a00000, 0x0000000086c00000, 0x00000000d5e00000)
  object space 83968K, 23% used [0x0000000081a00000,0x0000000082d45c40,0x0000000086c00000)
 Metaspace       used 41128K, capacity 43228K, committed 43480K, reserved 1087488K
  class space    used 5418K, capacity 5830K, committed 5848K, reserved 1048576K
Event: 10.880 GC heap after
Heap after GC invocations=12 (full 2):
 PSYoungGen      total 249856K, used 8703K [0x00000000d5e00000, 0x00000000e6b00000, 0x0000000100000000)
  eden space 241152K, 0% used [0x00000000d5e00000,0x00000000d5e00000,0x00000000e4980000)
  from space 8704K, 99% used [0x00000000e6280000,0x00000000e6affc80,0x00000000e6b00000)
  to   space 14336K, 0% used [0x00000000e4f00000,0x00000000e4f00000,0x00000000e5d00000)
 ParOldGen       total 83968K, used 19743K [0x0000000081a00000, 0x0000000086c00000, 0x00000000d5e00000)
  object space 83968K, 23% used [0x0000000081a00000,0x0000000082d47c40,0x0000000086c00000)
 Metaspace       used 41128K, capacity 43228K, committed 43480K, reserved 1087488K
  class space    used 5418K, capacity 5830K, committed 5848K, reserved 1048576K
}
Event: 14.859 GC heap before
{Heap before GC invocations=13 (full 2):
 PSYoungGen      total 249856K, used 237995K [0x00000000d5e00000, 0x00000000e6b00000, 0x0000000100000000)
  eden space 241152K, 95% used [0x00000000d5e00000,0x00000000e3deb238,0x00000000e4980000)
  from space 8704K, 99% used [0x00000000e6280000,0x00000000e6affc80,0x00000000e6b00000)
  to   space 14336K, 0% used [0x00000000e4f00000,0x00000000e4f00000,0x00000000e5d00000)
 ParOldGen       total 83968K, used 19743K [0x0000000081a00000, 0x0000000086c00000, 0x00000000d5e00000)
  object space 83968K, 23% used [0x0000000081a00000,0x0000000082d47c40,0x0000000086c00000)
 Metaspace       used 56253K, capacity 58932K, committed 59028K, reserved 1099776K
  class space    used 7758K, capacity 8239K, committed 8280K, reserved 1048576K
Event: 14.899 GC heap after
Heap after GC invocations=13 (full 2):
 PSYoungGen      total 261120K, used 14322K [0x00000000d5e00000, 0x00000000ebe80000, 0x0000000100000000)
  eden space 246784K, 0% used [0x00000000d5e00000,0x00000000d5e00000,0x00000000e4f00000)
  from space 14336K, 99% used [0x00000000e4f00000,0x00000000e5cfca50,0x00000000e5d00000)
  to   space 18944K, 0% used [0x00000000eac00000,0x00000000eac00000,0x00000000ebe80000)
 ParOldGen       total 83968K, used 27148K [0x0000000081a00000, 0x0000000086c00000, 0x00000000d5e00000)
  object space 83968K, 32% used [0x0000000081a00000,0x00000000834831b0,0x0000000086c00000)
 Metaspace       used 56253K, capacity 58932K, committed 59028K, reserved 1099776K
  class space    used 7758K, capacity 8239K, committed 8280K, reserved 1048576K
}
Event: 14.899 GC heap before
{Heap before GC invocations=14 (full 3):
 PSYoungGen      total 261120K, used 14322K [0x00000000d5e00000, 0x00000000ebe80000, 0x0000000100000000)
  eden space 246784K, 0% used [0x00000000d5e00000,0x00000000d5e00000,0x00000000e4f00000)
  from space 14336K, 99% used [0x00000000e4f00000,0x00000000e5cfca50,0x00000000e5d00000)
  to   space 18944K, 0% used [0x00000000eac00000,0x00000000eac00000,0x00000000ebe80000)
 ParOldGen       total 83968K, used 27148K [0x0000000081a00000, 0x0000000086c00000, 0x00000000d5e00000)
  object space 83968K, 32% used [0x0000000081a00000,0x00000000834831b0,0x0000000086c00000)
 Metaspace       used 56253K, capacity 58932K, committed 59028K, reserved 1099776K
  class space    used 7758K, capacity 8239K, committed 8280K, reserved 1048576K
Event: 15.171 GC heap after
Heap after GC invocations=14 (full 3):
 PSYoungGen      total 261120K, used 0K [0x00000000d5e00000, 0x00000000ebe80000, 0x0000000100000000)
  eden space 246784K, 0% used [0x00000000d5e00000,0x00000000d5e00000,0x00000000e4f00000)
  from space 14336K, 0% used [0x00000000e4f00000,0x00000000e4f00000,0x00000000e5d00000)
  to   space 18944K, 0% used [0x00000000eac00000,0x00000000eac00000,0x00000000ebe80000)
 ParOldGen       total 123904K, used 38695K [0x0000000081a00000, 0x0000000089300000, 0x00000000d5e00000)
  object space 123904K, 31% used [0x0000000081a00000,0x0000000083fc9e40,0x0000000089300000)
 Metaspace       used 56253K, capacity 58932K, committed 59028K, reserved 1099776K
  class space    used 7758K, capacity 8239K, committed 8280K, reserved 1048576K
}
Event: 747.607 GC heap before
{Heap before GC invocations=15 (full 3):
 PSYoungGen      total 261120K, used 246784K [0x00000000d5e00000, 0x00000000ebe80000, 0x0000000100000000)
  eden space 246784K, 100% used [0x00000000d5e00000,0x00000000e4f00000,0x00000000e4f00000)
  from space 14336K, 0% used [0x00000000e4f00000,0x00000000e4f00000,0x00000000e5d00000)
  to   space 18944K, 0% used [0x00000000eac00000,0x00000000eac00000,0x00000000ebe80000)
 ParOldGen       total 123904K, used 38695K [0x0000000081a00000, 0x0000000089300000, 0x00000000d5e00000)
  object space 123904K, 31% used [0x0000000081a00000,0x0000000083fc9e40,0x0000000089300000)
 Metaspace       used 67130K, capacity 70760K, committed 70872K, reserved 1110016K
  class space    used 9264K, capacity 9877K, committed 9944K, reserved 1048576K
Event: 747.631 GC heap after
Heap after GC invocations=15 (full 3):
 PSYoungGen      total 326144K, used 17008K [0x00000000d5e00000, 0x00000000ebd00000, 0x0000000100000000)
  eden space 308736K, 0% used [0x00000000d5e00000,0x00000000d5e00000,0x00000000e8b80000)
  from space 17408K, 97% used [0x00000000eac00000,0x00000000ebc9c3b8,0x00000000ebd00000)
  to   space 20992K, 0% used [0x00000000e9400000,0x00000000e9400000,0x00000000ea880000)
 ParOldGen       total 123904K, used 38703K [0x0000000081a00000, 0x0000000089300000, 0x00000000d5e00000)
  object space 123904K, 31% used [0x0000000081a00000,0x0000000083fcbe40,0x0000000089300000)
 Metaspace       used 67130K, capacity 70760K, committed 70872K, reserved 1110016K
  class space    used 9264K, capacity 9877K, committed 9944K, reserved 1048576K
}

Deoptimization events (0 events):
No events

Classes redefined (0 events):
No events

Internal exceptions (10 events):
Event: 939.745 Thread 0x000000001ddad000 Exception <a 'java/lang/ArrayIndexOutOfBoundsException'> (0x00000000d80fdb78) thrown at [C:\re\workspace\8-2-build-windows-amd64-cygwin\jdk8u181\11358\hotspot\src\share\vm\runtime\sharedRuntime.cpp, line 605]
Event: 939.747 Thread 0x000000001ddad000 Exception <a 'java/lang/ArrayIndexOutOfBoundsException'> (0x00000000d8108b80) thrown at [C:\re\workspace\8-2-build-windows-amd64-cygwin\jdk8u181\11358\hotspot\src\share\vm\runtime\sharedRuntime.cpp, line 605]
Event: 1095.496 Thread 0x000000001ddad000 Exception <a 'java/lang/ArrayIndexOutOfBoundsException'> (0x00000000d8cd6e08) thrown at [C:\re\workspace\8-2-build-windows-amd64-cygwin\jdk8u181\11358\hotspot\src\share\vm\runtime\sharedRuntime.cpp, line 605]
Event: 1095.499 Thread 0x000000001ddad000 Exception <a 'java/lang/ArrayIndexOutOfBoundsException'> (0x00000000d8ce2328) thrown at [C:\re\workspace\8-2-build-windows-amd64-cygwin\jdk8u181\11358\hotspot\src\share\vm\runtime\sharedRuntime.cpp, line 605]
Event: 1101.172 Thread 0x000000001dda6000 Exception <a 'java/lang/ArrayIndexOutOfBoundsException'> (0x00000000d91f4ba0) thrown at [C:\re\workspace\8-2-build-windows-amd64-cygwin\jdk8u181\11358\hotspot\src\share\vm\runtime\sharedRuntime.cpp, line 605]
Event: 1101.302 Thread 0x000000001dda6000 Exception <a 'java/lang/ArrayIndexOutOfBoundsException'> (0x00000000d94dfa48) thrown at [C:\re\workspace\8-2-build-windows-amd64-cygwin\jdk8u181\11358\hotspot\src\share\vm\runtime\sharedRuntime.cpp, line 605]
Event: 1102.037 Thread 0x000000001dda1800 Exception <a 'java/lang/ArrayIndexOutOfBoundsException'> (0x00000000d96c4a90) thrown at [C:\re\workspace\8-2-build-windows-amd64-cygwin\jdk8u181\11358\hotspot\src\share\vm\runtime\sharedRuntime.cpp, line 605]
Event: 1102.039 Thread 0x000000001dda1800 Exception <a 'java/lang/ArrayIndexOutOfBoundsException'> (0x00000000d96cf9d0) thrown at [C:\re\workspace\8-2-build-windows-amd64-cygwin\jdk8u181\11358\hotspot\src\share\vm\runtime\sharedRuntime.cpp, line 605]
Event: 1112.252 Thread 0x000000001ddaa800 Exception <a 'java/lang/ArrayIndexOutOfBoundsException'> (0x00000000d9db6268) thrown at [C:\re\workspace\8-2-build-windows-amd64-cygwin\jdk8u181\11358\hotspot\src\share\vm\runtime\sharedRuntime.cpp, line 605]
Event: 1112.255 Thread 0x000000001ddaa800 Exception <a 'java/lang/ArrayIndexOutOfBoundsException'> (0x00000000d9dc1738) thrown at [C:\re\workspace\8-2-build-windows-amd64-cygwin\jdk8u181\11358\hotspot\src\share\vm\runtime\sharedRuntime.cpp, line 605]

Events (10 events):
Event: 1112.266 Thread 0x000000001ddaa800 DEOPT PACKING pc=0x00000000040603d9 sp=0x000000002128af10
Event: 1112.266 Thread 0x000000001ddaa800 DEOPT UNPACKING pc=0x0000000003457890 sp=0x000000002128aca0 mode 1
Event: 1112.266 Thread 0x000000001ddaa800 DEOPT PACKING pc=0x00000000040ee6ec sp=0x000000002128afc0
Event: 1112.266 Thread 0x000000001ddaa800 DEOPT UNPACKING pc=0x0000000003457890 sp=0x000000002128ad78 mode 1
Event: 1115.429 Executing VM operation: RevokeBias
Event: 1115.429 Executing VM operation: RevokeBias done
Event: 1115.429 Executing VM operation: RevokeBias
Event: 1115.430 Executing VM operation: RevokeBias done
Event: 1115.430 Executing VM operation: RevokeBias
Event: 1115.430 Executing VM operation: RevokeBias done


Dynamic libraries:
0x00007ff7c7760000 - 0x00007ff7c7797000 	C:\Program Files\Java\jdk1.8.0_181\bin\java.exe
0x00007ff9bf520000 - 0x00007ff9bf701000 	C:\Windows\SYSTEM32\ntdll.dll
0x00007ff9bf430000 - 0x00007ff9bf4e2000 	C:\Windows\System32\KERNEL32.DLL
0x00007ff9bb8f0000 - 0x00007ff9bbb63000 	C:\Windows\System32\KERNELBASE.dll
0x00007ff9bed50000 - 0x00007ff9bedf1000 	C:\Windows\System32\ADVAPI32.dll
0x00007ff9bc9b0000 - 0x00007ff9bca4e000 	C:\Windows\System32\msvcrt.dll
0x00007ff9beed0000 - 0x00007ff9bef2b000 	C:\Windows\System32\sechost.dll
0x00007ff9bd2b0000 - 0x00007ff9bd3d4000 	C:\Windows\System32\RPCRT4.dll
0x00007ff9bd030000 - 0x00007ff9bd1c0000 	C:\Windows\System32\USER32.dll
0x00007ff9bc130000 - 0x00007ff9bc150000 	C:\Windows\System32\win32u.dll
0x00007ff9bd440000 - 0x00007ff9bd468000 	C:\Windows\System32\GDI32.dll
0x00007ff9bbb70000 - 0x00007ff9bbd02000 	C:\Windows\System32\gdi32full.dll
0x00007ff9bc910000 - 0x00007ff9bc9af000 	C:\Windows\System32\msvcp_win.dll
0x00007ff9bbd10000 - 0x00007ff9bbe08000 	C:\Windows\System32\ucrtbase.dll
0x00007ff9ad590000 - 0x00007ff9ad7f9000 	C:\Windows\WinSxS\amd64_microsoft.windows.common-controls_6595b64144ccf1df_6.0.17134.648_none_fb45a0e93062a6d2\COMCTL32.dll
0x00007ff9bef30000 - 0x00007ff9bf252000 	C:\Windows\System32\combase.dll
0x00007ff9bbe10000 - 0x00007ff9bbe8a000 	C:\Windows\System32\bcryptPrimitives.dll
0x00007ff9bee20000 - 0x00007ff9bee4d000 	C:\Windows\System32\IMM32.DLL
0x000000006eaa0000 - 0x000000006eb72000 	C:\Program Files\Java\jdk1.8.0_181\jre\bin\msvcr100.dll
0x000000006e1f0000 - 0x000000006ea92000 	C:\Program Files\Java\jdk1.8.0_181\jre\bin\server\jvm.dll
0x00007ff9bee00000 - 0x00007ff9bee08000 	C:\Windows\System32\PSAPI.DLL
0x00007ff9b9c00000 - 0x00007ff9b9c09000 	C:\Windows\SYSTEM32\WSOCK32.dll
0x00007ff9bee60000 - 0x00007ff9beecc000 	C:\Windows\System32\WS2_32.dll
0x00007ff9b0260000 - 0x00007ff9b026a000 	C:\Windows\SYSTEM32\VERSION.dll
0x00007ff9b9b30000 - 0x00007ff9b9b53000 	C:\Windows\SYSTEM32\WINMM.dll
0x00007ff9b9b00000 - 0x00007ff9b9b2a000 	C:\Windows\SYSTEM32\WINMMBASE.dll
0x00007ff9bbef0000 - 0x00007ff9bbf39000 	C:\Windows\System32\cfgmgr32.dll
0x000000006e1e0000 - 0x000000006e1ef000 	C:\Program Files\Java\jdk1.8.0_181\jre\bin\verify.dll
0x000000006e1b0000 - 0x000000006e1d9000 	C:\Program Files\Java\jdk1.8.0_181\jre\bin\java.dll
0x000000006ded0000 - 0x000000006df05000 	C:\Program Files\Java\jdk1.8.0_181\jre\bin\jdwp.dll
0x000000006dec0000 - 0x000000006dec8000 	C:\Program Files\Java\jdk1.8.0_181\jre\bin\npt.dll
0x000000006de90000 - 0x000000006deb3000 	C:\Program Files\Java\jdk1.8.0_181\jre\bin\instrument.dll
0x000000006e190000 - 0x000000006e1a6000 	C:\Program Files\Java\jdk1.8.0_181\jre\bin\zip.dll
0x00007ff9bd470000 - 0x00007ff9be8b0000 	C:\Windows\System32\SHELL32.dll
0x00007ff9bcf80000 - 0x00007ff9bd029000 	C:\Windows\System32\shcore.dll
0x00007ff9bc200000 - 0x00007ff9bc90d000 	C:\Windows\System32\windows.storage.dll
0x00007ff9bd3e0000 - 0x00007ff9bd431000 	C:\Windows\System32\shlwapi.dll
0x00007ff9bb8b0000 - 0x00007ff9bb8c1000 	C:\Windows\System32\kernel.appcore.dll
0x00007ff9bb8d0000 - 0x00007ff9bb8ef000 	C:\Windows\System32\profapi.dll
0x00007ff9bb860000 - 0x00007ff9bb8ac000 	C:\Windows\System32\powrprof.dll
0x00007ff9bb830000 - 0x00007ff9bb83a000 	C:\Windows\System32\FLTLIB.DLL
0x000000006de80000 - 0x000000006de89000 	C:\Program Files\Java\jdk1.8.0_181\jre\bin\dt_socket.dll
0x00007ff9bb0b0000 - 0x00007ff9bb116000 	C:\Windows\system32\mswsock.dll
0x00007ff9bb260000 - 0x00007ff9bb277000 	C:\Windows\SYSTEM32\CRYPTSP.dll
0x00007ff9bac90000 - 0x00007ff9bacc3000 	C:\Windows\system32\rsaenh.dll
0x00007ff9bb390000 - 0x00007ff9bb3b5000 	C:\Windows\SYSTEM32\bcrypt.dll
0x00007ff9bb730000 - 0x00007ff9bb758000 	C:\Windows\SYSTEM32\USERENV.dll
0x00007ff9bb280000 - 0x00007ff9bb28b000 	C:\Windows\SYSTEM32\CRYPTBASE.dll
0x000000006e170000 - 0x000000006e18a000 	C:\Program Files\Java\jdk1.8.0_181\jre\bin\net.dll
0x00007ff9bae30000 - 0x00007ff9bae68000 	C:\Windows\SYSTEM32\IPHLPAPI.DLL
0x00007ff9bee50000 - 0x00007ff9bee58000 	C:\Windows\System32\NSI.dll
0x00007ff9b69e0000 - 0x00007ff9b69f6000 	C:\Windows\SYSTEM32\dhcpcsvc6.DLL
0x00007ff9b68c0000 - 0x00007ff9b68da000 	C:\Windows\SYSTEM32\dhcpcsvc.DLL
0x000000006e150000 - 0x000000006e161000 	C:\Program Files\Java\jdk1.8.0_181\jre\bin\nio.dll
0x00007ff9bae80000 - 0x00007ff9baf3e000 	C:\Windows\SYSTEM32\DNSAPI.dll
0x00007ff9af120000 - 0x00007ff9af12a000 	C:\Windows\System32\rasadhlp.dll
0x00007ff9b74d0000 - 0x00007ff9b7542000 	C:\Windows\System32\fwpuclnt.dll
0x000000006df10000 - 0x000000006df1d000 	C:\Program Files\Java\jdk1.8.0_181\jre\bin\management.dll
0x00007ff9a4490000 - 0x00007ff9a44a6000 	C:\Windows\system32\napinsp.dll
0x00007ff9a4470000 - 0x00007ff9a448a000 	C:\Windows\system32\pnrpnsp.dll
0x00007ff9b95f0000 - 0x00007ff9b9609000 	C:\Windows\system32\NLAapi.dll
0x00007ff9a4460000 - 0x00007ff9a446e000 	C:\Windows\System32\winrnr.dll
0x00007ff9b3340000 - 0x00007ff9b3355000 	C:\Windows\System32\wshbth.dll
0x000000006dce0000 - 0x000000006de79000 	C:\Program Files\Java\jdk1.8.0_181\jre\bin\awt.dll
0x00007ff9bf360000 - 0x00007ff9bf423000 	C:\Windows\System32\OLEAUT32.dll
0x00007ff9b9910000 - 0x00007ff9b999b000 	C:\Windows\SYSTEM32\apphelp.dll
0x000000006dc50000 - 0x000000006dc81000 	C:\Program Files\Java\jdk1.8.0_181\jre\bin\jpeg.dll
0x00007ff9b9cc0000 - 0x00007ff9b9d58000 	C:\Windows\system32\uxtheme.dll
0x00007ff9bebd0000 - 0x00007ff9bed43000 	C:\Windows\System32\MSCTF.dll
0x00007ff9b9fa0000 - 0x00007ff9b9fc9000 	C:\Windows\system32\dwmapi.dll
0x00007ff9bea50000 - 0x00007ff9beba1000 	C:\Windows\System32\ole32.dll
0x000000006dc10000 - 0x000000006dc4e000 	C:\Program Files\Java\jdk1.8.0_181\jre\bin\lcms.dll
0x00007ff9a6430000 - 0x00007ff9a65f9000 	C:\Windows\SYSTEM32\dbghelp.dll

VM Arguments:
jvm_args: -agentlib:jdwp=transport=dt_socket,address=127.0.0.1:56510,suspend=y,server=n -XX:TieredStopAtLevel=1 -Xverify:none -Dspring.output.ansi.enabled=always -Dcom.sun.management.jmxremote -Dspring.liveBeansView.mbeanDomain -Dspring.application.admin.enabled=true -javaagent:C:\Users\brunno.nogueira\.IntelliJIdea2018.3\system\captureAgent\debugger-agent.jar -Dfile.encoding=UTF-8 
java_command: com.nogueira4j.springframework.petclinic.PetClinicApplication
java_class_path (initial): C:\Program Files\Java\jdk1.8.0_181\jre\lib\charsets.jar;C:\Program Files\Java\jdk1.8.0_181\jre\lib\deploy.jar;C:\Program Files\Java\jdk1.8.0_181\jre\lib\ext\access-bridge-64.jar;C:\Program Files\Java\jdk1.8.0_181\jre\lib\ext\cldrdata.jar;C:\Program Files\Java\jdk1.8.0_181\jre\lib\ext\dnsns.jar;C:\Program Files\Java\jdk1.8.0_181\jre\lib\ext\jaccess.jar;C:\Program Files\Java\jdk1.8.0_181\jre\lib\ext\jfxrt.jar;C:\Program Files\Java\jdk1.8.0_181\jre\lib\ext\localedata.jar;C:\Program Files\Java\jdk1.8.0_181\jre\lib\ext\nashorn.jar;C:\Program Files\Java\jdk1.8.0_181\jre\lib\ext\sunec.jar;C:\Program Files\Java\jdk1.8.0_181\jre\lib\ext\sunjce_provider.jar;C:\Program Files\Java\jdk1.8.0_181\jre\lib\ext\sunmscapi.jar;C:\Program Files\Java\jdk1.8.0_181\jre\lib\ext\sunpkcs11.jar;C:\Program Files\Java\jdk1.8.0_181\jre\lib\ext\zipfs.jar;C:\Program Files\Java\jdk1.8.0_181\jre\lib\javaws.jar;C:\Program Files\Java\jdk1.8.0_181\jre\lib\jce.jar;C:\Program Files\Java\jdk1.8.0_181\jre\lib\jfr.jar;C:\Program Files\Java\jdk1.8.0_181\jre\lib\jfxswt.jar;C:\Program Files\Java\jdk1.8.0_181\jre\lib\jsse.jar;C:\Program Files\Java\jdk1.8.0_181\jre\lib\management-agent.jar;C:\Program Files\Java\jdk1.8.0_181\jre\lib\plugin.jar;C:\Program Files\Java\jdk1.8.0_181\jre\lib\resources.jar;C:\Program Files\Java\jdk1.8.0_181\jre\lib\rt.jar;C:\Users\brunno.nogueira\Documents\GitHub\pet-clinic\pet-clinic-web\target\classes;C:\Users\brunno.nogueira\Documents\GitHub\pet-clinic\pet-clinic-data\target\classes;C:\Users\brunno.nogueira\.m2\repository\org\springframework\boot\spring-boot-starter-data-jpa\2.1.3.RELEASE\spring-boot-starter-data-jpa-2.1.3.RELEASE.jar;C:\Users\brunno.nogueira\.m2\repository\org\springframework\boot\spring-boot-starter-aop\2.1.3.RELEASE\spring-boot-starter-aop-2.1.3.RELEASE.jar;C:\Users\brunno.nogueira\.m2\repository\org\aspectj\aspectjweaver\1.9.2\aspectjweaver-1.9.2.jar;C:\Users\brunno.nogueira\.m2\repository\org\springframework\boot\spring-boot-starter-j
Launcher Type: SUN_STANDARD

Environment Variables:
JAVA_HOME=D:\sk-java\jdk1.8.0_31
PATH=C:\app\product\12.2.0\client_1\bin;C:\Program Files (x86)\Common Files\Oracle\Java\javapath;C:\Windows\system32;C:\Windows;C:\Windows\System32\Wbem;C:\Windows\System32\WindowsPowerShell\v1.0\;C:\Windows\System32\OpenSSH\;C:\Program Files\PuTTY\;C:\Program Files\Git\cmd;C:\Program Files\nodejs\;D:\sk-java\jdk1.8.0_31/bin;D:\apache-maven-3.6.0/bin;C:\Program Files\Microsoft SQL Server\Client SDK\ODBC\130\Tools\Binn\;C:\Program Files (x86)\Microsoft SQL Server\140\Tools\Binn\;C:\Program Files\Microsoft SQL Server\140\Tools\Binn\;C:\Program Files\Microsoft SQL Server\140\DTS\Binn\;C:\Users\brunno.nogueira\AppData\Local\Microsoft\WindowsApps;C:\Users\brunno.nogueira\AppData\Local\GitHubDesktop\bin;C:\Users\brunno.nogueira\AppData\Local\Programs\Microsoft VS Code\bin;C:\Users\brunno.nogueira\AppData\Roaming\npm
USERNAME=brunno.nogueira
OS=Windows_NT
PROCESSOR_IDENTIFIER=Intel64 Family 6 Model 78 Stepping 3, GenuineIntel



---------------  S Y S T E M  ---------------

OS: Windows 10.0 , 64 bit Build 17134 (10.0.17134.648)

CPU:total 4 (initial active 4) (2 cores per cpu, 2 threads per core) family 6 model 78 stepping 3, cmov, cx8, fxsr, mmx, sse, sse2, sse3, ssse3, sse4.1, sse4.2, popcnt, avx, avx2, aes, clmul, erms, 3dnowpref, lzcnt, ht, tsc, tscinvbit, bmi1, bmi2, adx

Memory: 4k page, physical 8277828k(321628k free), swap 23773016k(3187452k free)

vm_info: Java HotSpot(TM) 64-Bit Server VM (25.181-b13) for windows-amd64 JRE (1.8.0_181-b13), built on Jul  7 2018 04:01:33 by "java_re" with MS VC++ 10.0 (VS2010)

time: Tue Apr 02 17:50:43 2019
elapsed time: 1448 seconds (0d 0h 24m 8s)

